   1               		.file	"isa_error.c"
   2               	__SREG__ = 0x3f
   3               	__SP_H__ = 0x3e
   4               	__SP_L__ = 0x3d
   5               	__tmp_reg__ = 0
   6               	__zero_reg__ = 1
   7               		.global __do_copy_data
   8               		.global __do_clear_bss
  11               		.text
  12               	.Ltext0:
 117               	.global	setIsaError
 119               	setIsaError:
 120               		.stabd	46,0,0
   1:../../../src/net/isa/isa_error.c **** #include <isa_error.h>
   2:../../../src/net/isa/isa_error.c **** 
   3:../../../src/net/isa/isa_error.c **** 
   4:../../../src/net/isa/isa_error.c **** // This uint8_t will store the latest error
   5:../../../src/net/isa/isa_error.c **** static uint8_t isaError;
   6:../../../src/net/isa/isa_error.c **** 
   7:../../../src/net/isa/isa_error.c **** 
   8:../../../src/net/isa/isa_error.c **** //********************Local function definitions***********************************
   9:../../../src/net/isa/isa_error.c **** 
  10:../../../src/net/isa/isa_error.c **** void setIsaError(uint8_t);
  11:../../../src/net/isa/isa_error.c **** uint8_t getIsaError ();
  12:../../../src/net/isa/isa_error.c **** void printIsaError();
  13:../../../src/net/isa/isa_error.c **** 
  14:../../../src/net/isa/isa_error.c **** //***********************************************************************************
  15:../../../src/net/isa/isa_error.c **** 
  16:../../../src/net/isa/isa_error.c **** 
  17:../../../src/net/isa/isa_error.c **** 
  18:../../../src/net/isa/isa_error.c **** void setIsaError(uint8_t value)
  19:../../../src/net/isa/isa_error.c **** {
 122               	.LM0:
 123               	.LFBB1:
 124               	/* prologue: frame size=0 */
 125               	/* prologue end (size=0) */
  20:../../../src/net/isa/isa_error.c **** 	isaError = value;
 127               	.LM1:
 128 0000 8093 0000 		sts isaError,r24
 129               	/* epilogue: frame size=0 */
 130 0004 0895      		ret
 131               	/* epilogue end (size=1) */
 132               	/* function setIsaError size 3 (2) */
 134               	.Lscope1:
 136               		.stabd	78,0,0
 138               	.global	getIsaError
 140               	getIsaError:
 141               		.stabd	46,0,0
  21:../../../src/net/isa/isa_error.c **** }
  22:../../../src/net/isa/isa_error.c **** 
  23:../../../src/net/isa/isa_error.c **** uint8_t getIsaError ()
  24:../../../src/net/isa/isa_error.c **** {
 143               	.LM2:
 144               	.LFBB2:
 145               	/* prologue: frame size=0 */
 146               	/* prologue end (size=0) */
 147 0006 8091 0000 		lds r24,isaError
  25:../../../src/net/isa/isa_error.c **** 	return isaError;
  26:../../../src/net/isa/isa_error.c **** }
 149               	.LM3:
 150 000a 9927      		clr r25
 151               	/* epilogue: frame size=0 */
 152 000c 0895      		ret
 153               	/* epilogue end (size=1) */
 154               	/* function getIsaError size 4 (3) */
 156               	.Lscope2:
 158               		.stabd	78,0,0
 159               		.data
 160               	.LC0:
 161 0000 4953 415F 		.string	"ISA_ERROR : LINK_CAPACITY_ERROR \n\r"
 161      4552 524F 
 161      5220 3A20 
 161      4C49 4E4B 
 161      5F43 4150 
 162               	.LC1:
 163 0023 4953 415F 		.string	"ISA_ERROR : NEIGHBOR_CAPACITY_ERROR\n\r"
 163      4552 524F 
 163      5220 3A20 
 163      4E45 4947 
 163      4842 4F52 
 164               	.LC2:
 165 0049 4953 415F 		.string	"ISA_ERROR : TRANSMIT_QUEUE_CAPACITY_ERROR\n\r"
 165      4552 524F 
 165      5220 3A20 
 165      5452 414E 
 165      534D 4954 
 166               	.LC3:
 167 0075 4953 415F 		.string	"ISA_ERROR : MAX_PAYLOAD_ERROR\n\r"
 167      4552 524F 
 167      5220 3A20 
 167      4D41 585F 
 167      5041 594C 
 168               	.LC4:
 169 0095 4953 415F 		.string	"ISA_ERROR : CANDIDATE CAPACITY ERROR\n\r"
 169      4552 524F 
 169      5220 3A20 
 169      4341 4E44 
 169      4944 4154 
 170               	.LC5:
 171 00bc 4953 415F 		.string	"ISA_ERROR : GRAPH CAPACITY ERROR\n\r"
 171      4552 524F 
 171      5220 3A20 
 171      4752 4150 
 171      4820 4341 
 172               	.LC6:
 173 00df 556E 6B6E 		.string	"Unknown ISA_ERROR"
 173      6F77 6E20 
 173      4953 415F 
 173      4552 524F 
 173      5200 
 174               		.text
 176               	.global	printIsaError
 178               	printIsaError:
 179               		.stabd	46,0,0
  27:../../../src/net/isa/isa_error.c **** 
  28:../../../src/net/isa/isa_error.c **** void printIsaError()
  29:../../../src/net/isa/isa_error.c **** {
 181               	.LM4:
 182               	.LFBB3:
 183               	/* prologue: frame size=0 */
 184               	/* prologue end (size=0) */
  30:../../../src/net/isa/isa_error.c **** 	switch(isaError)
 186               	.LM5:
 187 000e 8091 0000 		lds r24,isaError
 188 0012 8330      		cpi r24,lo8(3)
 189 0014 01F0      		breq .L9
 191               	.LM6:
 192 0016 8430      		cpi r24,lo8(4)
 193 0018 00F4      		brsh .L13
 194 001a 8130      		cpi r24,lo8(1)
 195 001c 01F0      		breq .L7
 196 001e 8230      		cpi r24,lo8(2)
 197 0020 01F4      		brne .L6
 198 0022 00C0      		rjmp .L8
 199               	.L13:
 200 0024 8530      		cpi r24,lo8(5)
 201 0026 01F0      		breq .L11
 202 0028 8530      		cpi r24,lo8(5)
 203 002a 00F0      		brlo .L10
 204 002c 8630      		cpi r24,lo8(6)
 205 002e 01F4      		brne .L6
 206 0030 00C0      		rjmp .L12
 207               	.L7:
  31:../../../src/net/isa/isa_error.c **** 	{
  32:../../../src/net/isa/isa_error.c **** 	case LINK_CAPACITY_ERROR :
  33:../../../src/net/isa/isa_error.c **** 	printf ("ISA_ERROR : LINK_CAPACITY_ERROR \n\r" );
 209               	.LM7:
 210 0032 80E0      		ldi r24,lo8(.LC0)
 211 0034 90E0      		ldi r25,hi8(.LC0)
 212 0036 00C0      		rjmp .L16
 213               	.L8:
  34:../../../src/net/isa/isa_error.c **** 	break;
  35:../../../src/net/isa/isa_error.c **** 	case NEIGHBOR_CAPACITY_ERROR :
  36:../../../src/net/isa/isa_error.c **** 		printf ("ISA_ERROR : NEIGHBOR_CAPACITY_ERROR\n\r" );
 215               	.LM8:
 216 0038 80E0      		ldi r24,lo8(.LC1)
 217 003a 90E0      		ldi r25,hi8(.LC1)
 218 003c 00C0      		rjmp .L16
 219               	.L9:
  37:../../../src/net/isa/isa_error.c **** 		break;
  38:../../../src/net/isa/isa_error.c **** 	case TRANSMIT_QUEUE_CAPACITY_ERROR :
  39:../../../src/net/isa/isa_error.c **** 		printf ("ISA_ERROR : TRANSMIT_QUEUE_CAPACITY_ERROR\n\r" );
 221               	.LM9:
 222 003e 80E0      		ldi r24,lo8(.LC2)
 223 0040 90E0      		ldi r25,hi8(.LC2)
 224 0042 00C0      		rjmp .L16
 225               	.L10:
  40:../../../src/net/isa/isa_error.c **** 		break;
  41:../../../src/net/isa/isa_error.c **** 	case MAX_PAYLOAD_ERROR :
  42:../../../src/net/isa/isa_error.c **** 		printf ("ISA_ERROR : MAX_PAYLOAD_ERROR\n\r");
 227               	.LM10:
 228 0044 80E0      		ldi r24,lo8(.LC3)
 229 0046 90E0      		ldi r25,hi8(.LC3)
 230 0048 00C0      		rjmp .L16
 231               	.L11:
  43:../../../src/net/isa/isa_error.c **** 		break;
  44:../../../src/net/isa/isa_error.c **** 	case CANDIDATE_CAPACITY_ERROR :
  45:../../../src/net/isa/isa_error.c **** 		printf ("ISA_ERROR : CANDIDATE CAPACITY ERROR\n\r");
 233               	.LM11:
 234 004a 80E0      		ldi r24,lo8(.LC4)
 235 004c 90E0      		ldi r25,hi8(.LC4)
 236 004e 00C0      		rjmp .L16
 237               	.L12:
  46:../../../src/net/isa/isa_error.c **** 		break;
  47:../../../src/net/isa/isa_error.c **** 	case GRAPH_CAPACITY_ERROR :
  48:../../../src/net/isa/isa_error.c **** 			printf ("ISA_ERROR : GRAPH CAPACITY ERROR\n\r");
 239               	.LM12:
 240 0050 80E0      		ldi r24,lo8(.LC5)
 241 0052 90E0      		ldi r25,hi8(.LC5)
 242 0054 00C0      		rjmp .L16
 243               	.L6:
  49:../../../src/net/isa/isa_error.c **** 			break;
  50:../../../src/net/isa/isa_error.c **** 	default: printf ("Unknown ISA_ERROR");
 245               	.LM13:
 246 0056 80E0      		ldi r24,lo8(.LC6)
 247 0058 90E0      		ldi r25,hi8(.LC6)
 248               	.L16:
 249 005a 9F93      		push r25
 250 005c 8F93      		push r24
 251 005e 0E94 0000 		call printf
 252 0062 0F90      		pop __tmp_reg__
 253 0064 0F90      		pop __tmp_reg__
 254 0066 0895      		ret
 255               	/* epilogue: frame size=0 */
 256               	/* epilogue: noreturn */
 257               	/* epilogue end (size=0) */
 258               	/* function printIsaError size 45 (45) */
 260               	.Lscope3:
 262               		.stabd	78,0,0
 263               		.lcomm isaError,1
 264               		.comm _nrk_signal_list,4,1
 268               	.Letext0:
 269               	/* File "../../../src/net/isa/isa_error.c": code   52 = 0x0034 (  50), prologues   0, epilogues   2
DEFINED SYMBOLS
                            *ABS*:00000000 isa_error.c
     /tmp/ccT04e8L.s:2      *ABS*:0000003f __SREG__
     /tmp/ccT04e8L.s:3      *ABS*:0000003e __SP_H__
     /tmp/ccT04e8L.s:4      *ABS*:0000003d __SP_L__
     /tmp/ccT04e8L.s:5      *ABS*:00000000 __tmp_reg__
     /tmp/ccT04e8L.s:6      *ABS*:00000001 __zero_reg__
     /tmp/ccT04e8L.s:119    .text:00000000 setIsaError
                             .bss:00000000 isaError
     /tmp/ccT04e8L.s:140    .text:00000006 getIsaError
     /tmp/ccT04e8L.s:178    .text:0000000e printIsaError
                            *COM*:00000004 _nrk_signal_list

UNDEFINED SYMBOLS
__do_copy_data
__do_clear_bss
printf
